<?xml version="1.0" encoding="UTF-8"?>
<testng-results ignored="0" total="1" passed="1" failed="0" skipped="0">
  <reporter-output>
  </reporter-output>
  <suite started-at="2020-03-02T15:03:03 CST" name="Default suite" finished-at="2020-03-02T15:03:46 CST" duration-ms="43349">
    <groups>
    </groups>
    <test started-at="2020-03-02T15:03:03 CST" name="Default test" finished-at="2020-03-02T15:03:46 CST" duration-ms="43349">
      <class name="com.powderhook.appium.cases.passreset.PasswordReset">
        <test-method is-config="true" signature="setUp()[pri:0, instance:com.powderhook.appium.cases.passreset.PasswordReset@76505305]" started-at="2020-03-02T15:03:03 CST" name="setUp" finished-at="2020-03-02T15:03:16 CST" duration-ms="13511" status="PASS">
          <reporter-output>
          </reporter-output>
        </test-method> <!-- setUp -->
        <test-method is-config="true" signature="nameBefore(java.lang.reflect.Method)[pri:0, instance:com.powderhook.appium.cases.passreset.PasswordReset@76505305]" started-at="2020-03-02T15:03:16 CST" name="nameBefore" finished-at="2020-03-02T15:03:16 CST" duration-ms="3" status="PASS">
          <params>
            <param index="0">
              <value>
                <![CDATA[public void com.powderhook.appium.cases.passreset.PasswordReset.passReset() throws java.lang.InterruptedException]]>
              </value>
            </param>
          </params>
          <reporter-output>
          </reporter-output>
        </test-method> <!-- nameBefore -->
        <test-method signature="passReset()[pri:0, instance:com.powderhook.appium.cases.passreset.PasswordReset@76505305]" started-at="2020-03-02T15:03:16 CST" name="passReset" finished-at="2020-03-02T15:03:43 CST" duration-ms="27006" status="PASS">
          <reporter-output>
          </reporter-output>
        </test-method> <!-- passReset -->
        <test-method is-config="true" signature="tearDown(org.testng.ITestContext)[pri:0, instance:com.powderhook.appium.cases.passreset.PasswordReset@76505305]" started-at="2020-03-02T15:03:43 CST" name="tearDown" finished-at="2020-03-02T15:03:46 CST" duration-ms="2785" status="PASS">
          <params>
            <param index="0">
              <value>
                <![CDATA[org.testng.TestRunner@636e8cc]]>
              </value>
            </param>
          </params>
          <reporter-output>
          </reporter-output>
        </test-method> <!-- tearDown -->
      </class> <!-- com.powderhook.appium.cases.passreset.PasswordReset -->
    </test> <!-- Default test -->
  </suite> <!-- Default suite -->
</testng-results>
